Traceback (most recent call last):
  File "/home/runner/.cache/pypoetry/virtualenvs/pisa-abw-OIyr1Vno-py3.10/lib/python3.10/site-packages/jupyter_cache/executors/utils.py", line 58, in single_nb_execution
    executenb(
  File "/home/runner/.cache/pypoetry/virtualenvs/pisa-abw-OIyr1Vno-py3.10/lib/python3.10/site-packages/nbclient/client.py", line 1305, in execute
    return NotebookClient(nb=nb, resources=resources, km=km, **kwargs).execute()
  File "/home/runner/.cache/pypoetry/virtualenvs/pisa-abw-OIyr1Vno-py3.10/lib/python3.10/site-packages/jupyter_core/utils/__init__.py", line 165, in wrapped
    return loop.run_until_complete(inner)
  File "/opt/hostedtoolcache/Python/3.10.20/x64/lib/python3.10/asyncio/base_events.py", line 649, in run_until_complete
    return future.result()
  File "/home/runner/.cache/pypoetry/virtualenvs/pisa-abw-OIyr1Vno-py3.10/lib/python3.10/site-packages/nbclient/client.py", line 705, in async_execute
    await self.async_execute_cell(
  File "/home/runner/.cache/pypoetry/virtualenvs/pisa-abw-OIyr1Vno-py3.10/lib/python3.10/site-packages/nbclient/client.py", line 1058, in async_execute_cell
    await self._check_raise_for_error(cell, cell_index, exec_reply)
  File "/home/runner/.cache/pypoetry/virtualenvs/pisa-abw-OIyr1Vno-py3.10/lib/python3.10/site-packages/nbclient/client.py", line 914, in _check_raise_for_error
    raise CellExecutionError.from_cell_and_msg(cell, exec_reply_content)
nbclient.exceptions.CellExecutionError: An error occurred while executing the following cell:
------------------
population_gdf = WorldpopPopulation(
    admin_area_boundaries=baucau, iso3_country_code=timor_leste.get_iso3_country_code()
).get_population_gdf()

population_gdf.head()
------------------


[0;31m---------------------------------------------------------------------------[0m
[0;31mSSLCertVerificationError[0m                  Traceback (most recent call last)
File [0;32m~/.cache/pypoetry/virtualenvs/pisa-abw-OIyr1Vno-py3.10/lib/python3.10/site-packages/urllib3/connectionpool.py:464[0m, in [0;36mHTTPConnectionPool._make_request[0;34m(self, conn, method, url, body, headers, retries, timeout, chunked, response_conn, preload_content, decode_content, enforce_content_length)[0m
[1;32m    463[0m [38;5;28;01mtry[39;00m:
[0;32m--> 464[0m     [38;5;28;43mself[39;49m[38;5;241;43m.[39;49m[43m_validate_conn[49m[43m([49m[43mconn[49m[43m)[49m
[1;32m    465[0m [38;5;28;01mexcept[39;00m (SocketTimeout, BaseSSLError) [38;5;28;01mas[39;00m e:

File [0;32m~/.cache/pypoetry/virtualenvs/pisa-abw-OIyr1Vno-py3.10/lib/python3.10/site-packages/urllib3/connectionpool.py:1093[0m, in [0;36mHTTPSConnectionPool._validate_conn[0;34m(self, conn)[0m
[1;32m   1092[0m [38;5;28;01mif[39;00m conn[38;5;241m.[39mis_closed:
[0;32m-> 1093[0m     [43mconn[49m[38;5;241;43m.[39;49m[43mconnect[49m[43m([49m[43m)[49m
[1;32m   1095[0m [38;5;66;03m# TODO revise this, see https://github.com/urllib3/urllib3/issues/2791[39;00m

File [0;32m~/.cache/pypoetry/virtualenvs/pisa-abw-OIyr1Vno-py3.10/lib/python3.10/site-packages/urllib3/connection.py:741[0m, in [0;36mHTTPSConnection.connect[0;34m(self)[0m
[1;32m    739[0m server_hostname_rm_dot [38;5;241m=[39m server_hostname[38;5;241m.[39mrstrip([38;5;124m"[39m[38;5;124m.[39m[38;5;124m"[39m)
[0;32m--> 741[0m sock_and_verified [38;5;241m=[39m [43m_ssl_wrap_socket_and_match_hostname[49m[43m([49m
[1;32m    742[0m [43m    [49m[43msock[49m[38;5;241;43m=[39;49m[43msock[49m[43m,[49m
[1;32m    743[0m [43m    [49m[43mcert_reqs[49m[38;5;241;43m=[39;49m[38;5;28;43mself[39;49m[38;5;241;43m.[39;49m[43mcert_reqs[49m[43m,[49m
[1;32m    744[0m [43m    [49m[43mssl_version[49m[38;5;241;43m=[39;49m[38;5;28;43mself[39;49m[38;5;241;43m.[39;49m[43mssl_version[49m[43m,[49m
[1;32m    745[0m [43m    [49m[43mssl_minimum_version[49m[38;5;241;43m=[39;49m[38;5;28;43mself[39;49m[38;5;241;43m.[39;49m[43mssl_minimum_version[49m[43m,[49m
[1;32m    746[0m [43m    [49m[43mssl_maximum_version[49m[38;5;241;43m=[39;49m[38;5;28;43mself[39;49m[38;5;241;43m.[39;49m[43mssl_maximum_version[49m[43m,[49m
[1;32m    747[0m [43m    [49m[43mca_certs[49m[38;5;241;43m=[39;49m[38;5;28;43mself[39;49m[38;5;241;43m.[39;49m[43mca_certs[49m[43m,[49m
[1;32m    748[0m [43m    [49m[43mca_cert_dir[49m[38;5;241;43m=[39;49m[38;5;28;43mself[39;49m[38;5;241;43m.[39;49m[43mca_cert_dir[49m[43m,[49m
[1;32m    749[0m [43m    [49m[43mca_cert_data[49m[38;5;241;43m=[39;49m[38;5;28;43mself[39;49m[38;5;241;43m.[39;49m[43mca_cert_data[49m[43m,[49m
[1;32m    750[0m [43m    [49m[43mcert_file[49m[38;5;241;43m=[39;49m[38;5;28;43mself[39;49m[38;5;241;43m.[39;49m[43mcert_file[49m[43m,[49m
[1;32m    751[0m [43m    [49m[43mkey_file[49m[38;5;241;43m=[39;49m[38;5;28;43mself[39;49m[38;5;241;43m.[39;49m[43mkey_file[49m[43m,[49m
[1;32m    752[0m [43m    [49m[43mkey_password[49m[38;5;241;43m=[39;49m[38;5;28;43mself[39;49m[38;5;241;43m.[39;49m[43mkey_password[49m[43m,[49m
[1;32m    753[0m [43m    [49m[43mserver_hostname[49m[38;5;241;43m=[39;49m[43mserver_hostname_rm_dot[49m[43m,[49m
[1;32m    754[0m [43m    [49m[43mssl_context[49m[38;5;241;43m=[39;49m[38;5;28;43mself[39;49m[38;5;241;43m.[39;49m[43mssl_context[49m[43m,[49m
[1;32m    755[0m [43m    [49m[43mtls_in_tls[49m[38;5;241;43m=[39;49m[43mtls_in_tls[49m[43m,[49m
[1;32m    756[0m [43m    [49m[43massert_hostname[49m[38;5;241;43m=[39;49m[38;5;28;43mself[39;49m[38;5;241;43m.[39;49m[43massert_hostname[49m[43m,[49m
[1;32m    757[0m [43m    [49m[43massert_fingerprint[49m[38;5;241;43m=[39;49m[38;5;28;43mself[39;49m[38;5;241;43m.[39;49m[43massert_fingerprint[49m[43m,[49m
[1;32m    758[0m [43m[49m[43m)[49m
[1;32m    759[0m [38;5;28mself[39m[38;5;241m.[39msock [38;5;241m=[39m sock_and_verified[38;5;241m.[39msocket

File [0;32m~/.cache/pypoetry/virtualenvs/pisa-abw-OIyr1Vno-py3.10/lib/python3.10/site-packages/urllib3/connection.py:920[0m, in [0;36m_ssl_wrap_socket_and_match_hostname[0;34m(sock, cert_reqs, ssl_version, ssl_minimum_version, ssl_maximum_version, cert_file, key_file, key_password, ca_certs, ca_cert_dir, ca_cert_data, assert_hostname, assert_fingerprint, server_hostname, ssl_context, tls_in_tls)[0m
[1;32m    918[0m         server_hostname [38;5;241m=[39m normalized
[0;32m--> 920[0m ssl_sock [38;5;241m=[39m [43mssl_wrap_socket[49m[43m([49m
[1;32m    921[0m [43m    [49m[43msock[49m[38;5;241;43m=[39;49m[43msock[49m[43m,[49m
[1;32m    922[0m [43m    [49m[43mkeyfile[49m[38;5;241;43m=[39;49m[43mkey_file[49m[43m,[49m
[1;32m    923[0m [43m    [49m[43mcertfile[49m[38;5;241;43m=[39;49m[43mcert_file[49m[43m,[49m
[1;32m    924[0m [43m    [49m[43mkey_password[49m[38;5;241;43m=[39;49m[43mkey_password[49m[43m,[49m
[1;32m    925[0m [43m    [49m[43mca_certs[49m[38;5;241;43m=[39;49m[43mca_certs[49m[43m,[49m
[1;32m    926[0m [43m    [49m[43mca_cert_dir[49m[38;5;241;43m=[39;49m[43mca_cert_dir[49m[43m,[49m
[1;32m    927[0m [43m    [49m[43mca_cert_data[49m[38;5;241;43m=[39;49m[43mca_cert_data[49m[43m,[49m
[1;32m    928[0m [43m    [49m[43mserver_hostname[49m[38;5;241;43m=[39;49m[43mserver_hostname[49m[43m,[49m
[1;32m    929[0m [43m    [49m[43mssl_context[49m[38;5;241;43m=[39;49m[43mcontext[49m[43m,[49m
[1;32m    930[0m [43m    [49m[43mtls_in_tls[49m[38;5;241;43m=[39;49m[43mtls_in_tls[49m[43m,[49m
[1;32m    931[0m [43m[49m[43m)[49m
[1;32m    933[0m [38;5;28;01mtry[39;00m:

File [0;32m~/.cache/pypoetry/virtualenvs/pisa-abw-OIyr1Vno-py3.10/lib/python3.10/site-packages/urllib3/util/ssl_.py:460[0m, in [0;36mssl_wrap_socket[0;34m(sock, keyfile, certfile, cert_reqs, ca_certs, server_hostname, ssl_version, ciphers, ssl_context, ca_cert_dir, key_password, ca_cert_data, tls_in_tls)[0m
[1;32m    458[0m context[38;5;241m.[39mset_alpn_protocols(ALPN_PROTOCOLS)
[0;32m--> 460[0m ssl_sock [38;5;241m=[39m [43m_ssl_wrap_socket_impl[49m[43m([49m[43msock[49m[43m,[49m[43m [49m[43mcontext[49m[43m,[49m[43m [49m[43mtls_in_tls[49m[43m,[49m[43m [49m[43mserver_hostname[49m[43m)[49m
[1;32m    461[0m [38;5;28;01mreturn[39;00m ssl_sock

File [0;32m~/.cache/pypoetry/virtualenvs/pisa-abw-OIyr1Vno-py3.10/lib/python3.10/site-packages/urllib3/util/ssl_.py:504[0m, in [0;36m_ssl_wrap_socket_impl[0;34m(sock, ssl_context, tls_in_tls, server_hostname)[0m
[1;32m    502[0m     [38;5;28;01mreturn[39;00m SSLTransport(sock, ssl_context, server_hostname)
[0;32m--> 504[0m [38;5;28;01mreturn[39;00m [43mssl_context[49m[38;5;241;43m.[39;49m[43mwrap_socket[49m[43m([49m[43msock[49m[43m,[49m[43m [49m[43mserver_hostname[49m[38;5;241;43m=[39;49m[43mserver_hostname[49m[43m)[49m

File [0;32m/opt/hostedtoolcache/Python/3.10.20/x64/lib/python3.10/ssl.py:513[0m, in [0;36mSSLContext.wrap_socket[0;34m(self, sock, server_side, do_handshake_on_connect, suppress_ragged_eofs, server_hostname, session)[0m
[1;32m    507[0m [38;5;28;01mdef[39;00m[38;5;250m [39m[38;5;21mwrap_socket[39m([38;5;28mself[39m, sock, server_side[38;5;241m=[39m[38;5;28;01mFalse[39;00m,
[1;32m    508[0m                 do_handshake_on_connect[38;5;241m=[39m[38;5;28;01mTrue[39;00m,
[1;32m    509[0m                 suppress_ragged_eofs[38;5;241m=[39m[38;5;28;01mTrue[39;00m,
[1;32m    510[0m                 server_hostname[38;5;241m=[39m[38;5;28;01mNone[39;00m, session[38;5;241m=[39m[38;5;28;01mNone[39;00m):
[1;32m    511[0m     [38;5;66;03m# SSLSocket class handles server_hostname encoding before it calls[39;00m
[1;32m    512[0m     [38;5;66;03m# ctx._wrap_socket()[39;00m
[0;32m--> 513[0m     [38;5;28;01mreturn[39;00m [38;5;28;43mself[39;49m[38;5;241;43m.[39;49m[43msslsocket_class[49m[38;5;241;43m.[39;49m[43m_create[49m[43m([49m
[1;32m    514[0m [43m        [49m[43msock[49m[38;5;241;43m=[39;49m[43msock[49m[43m,[49m
[1;32m    515[0m [43m        [49m[43mserver_side[49m[38;5;241;43m=[39;49m[43mserver_side[49m[43m,[49m
[1;32m    516[0m [43m        [49m[43mdo_handshake_on_connect[49m[38;5;241;43m=[39;49m[43mdo_handshake_on_connect[49m[43m,[49m
[1;32m    517[0m [43m        [49m[43msuppress_ragged_eofs[49m[38;5;241;43m=[39;49m[43msuppress_ragged_eofs[49m[43m,[49m
[1;32m    518[0m [43m        [49m[43mserver_hostname[49m[38;5;241;43m=[39;49m[43mserver_hostname[49m[43m,[49m
[1;32m    519[0m [43m        [49m[43mcontext[49m[38;5;241;43m=[39;49m[38;5;28;43mself[39;49m[43m,[49m
[1;32m    520[0m [43m        [49m[43msession[49m[38;5;241;43m=[39;49m[43msession[49m
[1;32m    521[0m [43m    [49m[43m)[49m

File [0;32m/opt/hostedtoolcache/Python/3.10.20/x64/lib/python3.10/ssl.py:1104[0m, in [0;36mSSLSocket._create[0;34m(cls, sock, server_side, do_handshake_on_connect, suppress_ragged_eofs, server_hostname, context, session)[0m
[1;32m   1103[0m             [38;5;28;01mraise[39;00m [38;5;167;01mValueError[39;00m([38;5;124m"[39m[38;5;124mdo_handshake_on_connect should not be specified for non-blocking sockets[39m[38;5;124m"[39m)
[0;32m-> 1104[0m         [38;5;28;43mself[39;49m[38;5;241;43m.[39;49m[43mdo_handshake[49m[43m([49m[43m)[49m
[1;32m   1105[0m [38;5;28;01mexcept[39;00m ([38;5;167;01mOSError[39;00m, [38;5;167;01mValueError[39;00m):

File [0;32m/opt/hostedtoolcache/Python/3.10.20/x64/lib/python3.10/ssl.py:1375[0m, in [0;36mSSLSocket.do_handshake[0;34m(self, block)[0m
[1;32m   1374[0m         [38;5;28mself[39m[38;5;241m.[39msettimeout([38;5;28;01mNone[39;00m)
[0;32m-> 1375[0m     [38;5;28;43mself[39;49m[38;5;241;43m.[39;49m[43m_sslobj[49m[38;5;241;43m.[39;49m[43mdo_handshake[49m[43m([49m[43m)[49m
[1;32m   1376[0m [38;5;28;01mfinally[39;00m:

[0;31mSSLCertVerificationError[0m: [SSL: CERTIFICATE_VERIFY_FAILED] certificate verify failed: certificate has expired (_ssl.c:1017)

During handling of the above exception, another exception occurred:

[0;31mSSLError[0m                                  Traceback (most recent call last)
File [0;32m~/.cache/pypoetry/virtualenvs/pisa-abw-OIyr1Vno-py3.10/lib/python3.10/site-packages/urllib3/connectionpool.py:787[0m, in [0;36mHTTPConnectionPool.urlopen[0;34m(self, method, url, body, headers, retries, redirect, assert_same_host, timeout, pool_timeout, release_conn, chunked, body_pos, preload_content, decode_content, **response_kw)[0m
[1;32m    786[0m [38;5;66;03m# Make the request on the HTTPConnection object[39;00m
[0;32m--> 787[0m response [38;5;241m=[39m [38;5;28;43mself[39;49m[38;5;241;43m.[39;49m[43m_make_request[49m[43m([49m
[1;32m    788[0m [43m    [49m[43mconn[49m[43m,[49m
[1;32m    789[0m [43m    [49m[43mmethod[49m[43m,[49m
[1;32m    790[0m [43m    [49m[43murl[49m[43m,[49m
[1;32m    791[0m [43m    [49m[43mtimeout[49m[38;5;241;43m=[39;49m[43mtimeout_obj[49m[43m,[49m
[1;32m    792[0m [43m    [49m[43mbody[49m[38;5;241;43m=[39;49m[43mbody[49m[43m,[49m
[1;32m    793[0m [43m    [49m[43mheaders[49m[38;5;241;43m=[39;49m[43mheaders[49m[43m,[49m
[1;32m    794[0m [43m    [49m[43mchunked[49m[38;5;241;43m=[39;49m[43mchunked[49m[43m,[49m
[1;32m    795[0m [43m    [49m[43mretries[49m[38;5;241;43m=[39;49m[43mretries[49m[43m,[49m
[1;32m    796[0m [43m    [49m[43mresponse_conn[49m[38;5;241;43m=[39;49m[43mresponse_conn[49m[43m,[49m
[1;32m    797[0m [43m    [49m[43mpreload_content[49m[38;5;241;43m=[39;49m[43mpreload_content[49m[43m,[49m
[1;32m    798[0m [43m    [49m[43mdecode_content[49m[38;5;241;43m=[39;49m[43mdecode_content[49m[43m,[49m
[1;32m    799[0m [43m    [49m[38;5;241;43m*[39;49m[38;5;241;43m*[39;49m[43mresponse_kw[49m[43m,[49m
[1;32m    800[0m [43m[49m[43m)[49m
[1;32m    802[0m [38;5;66;03m# Everything went great![39;00m

File [0;32m~/.cache/pypoetry/virtualenvs/pisa-abw-OIyr1Vno-py3.10/lib/python3.10/site-packages/urllib3/connectionpool.py:488[0m, in [0;36mHTTPConnectionPool._make_request[0;34m(self, conn, method, url, body, headers, retries, timeout, chunked, response_conn, preload_content, decode_content, enforce_content_length)[0m
[1;32m    487[0m         new_e [38;5;241m=[39m _wrap_proxy_error(new_e, conn[38;5;241m.[39mproxy[38;5;241m.[39mscheme)
[0;32m--> 488[0m     [38;5;28;01mraise[39;00m new_e
[1;32m    490[0m [38;5;66;03m# conn.request() calls http.client.*.request, not the method in[39;00m
[1;32m    491[0m [38;5;66;03m# urllib3.request. It also calls makefile (recv) on the socket.[39;00m

[0;31mSSLError[0m: [SSL: CERTIFICATE_VERIFY_FAILED] certificate verify failed: certificate has expired (_ssl.c:1017)

The above exception was the direct cause of the following exception:

[0;31mMaxRetryError[0m                             Traceback (most recent call last)
File [0;32m~/.cache/pypoetry/virtualenvs/pisa-abw-OIyr1Vno-py3.10/lib/python3.10/site-packages/requests/adapters.py:667[0m, in [0;36mHTTPAdapter.send[0;34m(self, request, stream, timeout, verify, cert, proxies)[0m
[1;32m    666[0m [38;5;28;01mtry[39;00m:
[0;32m--> 667[0m     resp [38;5;241m=[39m [43mconn[49m[38;5;241;43m.[39;49m[43murlopen[49m[43m([49m
[1;32m    668[0m [43m        [49m[43mmethod[49m[38;5;241;43m=[39;49m[43mrequest[49m[38;5;241;43m.[39;49m[43mmethod[49m[43m,[49m
[1;32m    669[0m [43m        [49m[43murl[49m[38;5;241;43m=[39;49m[43murl[49m[43m,[49m
[1;32m    670[0m [43m        [49m[43mbody[49m[38;5;241;43m=[39;49m[43mrequest[49m[38;5;241;43m.[39;49m[43mbody[49m[43m,[49m
[1;32m    671[0m [43m        [49m[43mheaders[49m[38;5;241;43m=[39;49m[43mrequest[49m[38;5;241;43m.[39;49m[43mheaders[49m[43m,[49m
[1;32m    672[0m [43m        [49m[43mredirect[49m[38;5;241;43m=[39;49m[38;5;28;43;01mFalse[39;49;00m[43m,[49m
[1;32m    673[0m [43m        [49m[43massert_same_host[49m[38;5;241;43m=[39;49m[38;5;28;43;01mFalse[39;49;00m[43m,[49m
[1;32m    674[0m [43m        [49m[43mpreload_content[49m[38;5;241;43m=[39;49m[38;5;28;43;01mFalse[39;49;00m[43m,[49m
[1;32m    675[0m [43m        [49m[43mdecode_content[49m[38;5;241;43m=[39;49m[38;5;28;43;01mFalse[39;49;00m[43m,[49m
[1;32m    676[0m [43m        [49m[43mretries[49m[38;5;241;43m=[39;49m[38;5;28;43mself[39;49m[38;5;241;43m.[39;49m[43mmax_retries[49m[43m,[49m
[1;32m    677[0m [43m        [49m[43mtimeout[49m[38;5;241;43m=[39;49m[43mtimeout[49m[43m,[49m
[1;32m    678[0m [43m        [49m[43mchunked[49m[38;5;241;43m=[39;49m[43mchunked[49m[43m,[49m
[1;32m    679[0m [43m    [49m[43m)[49m
[1;32m    681[0m [38;5;28;01mexcept[39;00m (ProtocolError, [38;5;167;01mOSError[39;00m) [38;5;28;01mas[39;00m err:

File [0;32m~/.cache/pypoetry/virtualenvs/pisa-abw-OIyr1Vno-py3.10/lib/python3.10/site-packages/urllib3/connectionpool.py:841[0m, in [0;36mHTTPConnectionPool.urlopen[0;34m(self, method, url, body, headers, retries, redirect, assert_same_host, timeout, pool_timeout, release_conn, chunked, body_pos, preload_content, decode_content, **response_kw)[0m
[1;32m    839[0m     new_e [38;5;241m=[39m ProtocolError([38;5;124m"[39m[38;5;124mConnection aborted.[39m[38;5;124m"[39m, new_e)
[0;32m--> 841[0m retries [38;5;241m=[39m [43mretries[49m[38;5;241;43m.[39;49m[43mincrement[49m[43m([49m
[1;32m    842[0m [43m    [49m[43mmethod[49m[43m,[49m[43m [49m[43murl[49m[43m,[49m[43m [49m[43merror[49m[38;5;241;43m=[39;49m[43mnew_e[49m[43m,[49m[43m [49m[43m_pool[49m[38;5;241;43m=[39;49m[38;5;28;43mself[39;49m[43m,[49m[43m [49m[43m_stacktrace[49m[38;5;241;43m=[39;49m[43msys[49m[38;5;241;43m.[39;49m[43mexc_info[49m[43m([49m[43m)[49m[43m[[49m[38;5;241;43m2[39;49m[43m][49m
[1;32m    843[0m [43m[49m[43m)[49m
[1;32m    844[0m retries[38;5;241m.[39msleep()

File [0;32m~/.cache/pypoetry/virtualenvs/pisa-abw-OIyr1Vno-py3.10/lib/python3.10/site-packages/urllib3/util/retry.py:519[0m, in [0;36mRetry.increment[0;34m(self, method, url, response, error, _pool, _stacktrace)[0m
[1;32m    518[0m     reason [38;5;241m=[39m error [38;5;129;01mor[39;00m ResponseError(cause)
[0;32m--> 519[0m     [38;5;28;01mraise[39;00m MaxRetryError(_pool, url, reason) [38;5;28;01mfrom[39;00m[38;5;250m [39m[38;5;21;01mreason[39;00m  [38;5;66;03m# type: ignore[arg-type][39;00m
[1;32m    521[0m log[38;5;241m.[39mdebug([38;5;124m"[39m[38;5;124mIncremented Retry for (url=[39m[38;5;124m'[39m[38;5;132;01m%s[39;00m[38;5;124m'[39m[38;5;124m): [39m[38;5;132;01m%r[39;00m[38;5;124m"[39m, url, new_retry)

[0;31mMaxRetryError[0m: HTTPSConnectionPool(host='www.worldpop.org', port=443): Max retries exceeded with url: /rest/data/pop/wpgpunadj/?iso3=tls (Caused by SSLError(SSLCertVerificationError(1, '[SSL: CERTIFICATE_VERIFY_FAILED] certificate verify failed: certificate has expired (_ssl.c:1017)')))

During handling of the above exception, another exception occurred:

[0;31mSSLError[0m                                  Traceback (most recent call last)
Cell [0;32mIn[8], line 3[0m
[1;32m      1[0m population_gdf [38;5;241m=[39m [43mWorldpopPopulation[49m[43m([49m
[1;32m      2[0m [43m    [49m[43madmin_area_boundaries[49m[38;5;241;43m=[39;49m[43mbaucau[49m[43m,[49m[43m [49m[43miso3_country_code[49m[38;5;241;43m=[39;49m[43mtimor_leste[49m[38;5;241;43m.[39;49m[43mget_iso3_country_code[49m[43m([49m[43m)[49m
[0;32m----> 3[0m [43m)[49m[38;5;241;43m.[39;49m[43mget_population_gdf[49m[43m([49m[43m)[49m
[1;32m      5[0m population_gdf[38;5;241m.[39mhead()

File [0;32m~/work/Public-Infrastructure-Service-Access/Public-Infrastructure-Service-Access/pisa/population.py:94[0m, in [0;36mPopulation.get_population_gdf[0;34m(self)[0m
[1;32m     75[0m [38;5;28;01mdef[39;00m[38;5;250m [39m[38;5;21mget_population_gdf[39m([38;5;28mself[39m) [38;5;241m-[39m[38;5;241m>[39m GeoDataFrame:
[1;32m     76[0m [38;5;250m    [39m[38;5;124;03m"""Get aggregated population data for the administrative area as a GeoDataFrame.[39;00m
[1;32m     77[0m 
[1;32m     78[0m [38;5;124;03m    This method integrates the population data retrieval workflow by:[39;00m
[0;32m   (...)[0m
[1;32m     92[0m [38;5;124;03m            - ``ID``: Unique identifier for each point[39;00m
[1;32m     93[0m [38;5;124;03m    """[39;00m
[0;32m---> 94[0m     population_df [38;5;241m=[39m [38;5;28;43mself[39;49m[38;5;241;43m.[39;49m[43m_get_population_df[49m[43m([49m[43m)[49m
[1;32m     95[0m     [38;5;28;01mreturn[39;00m [38;5;28mself[39m[38;5;241m.[39m_group_population(population_df, [38;5;28mself[39m[38;5;241m.[39mpopulation_resolution)

File [0;32m~/work/Public-Infrastructure-Service-Access/Public-Infrastructure-Service-Access/pisa/population.py:312[0m, in [0;36mWorldpopPopulation._get_population_df[0;34m(self)[0m
[1;32m    298[0m [38;5;28;01mdef[39;00m[38;5;250m [39m[38;5;21m_get_population_df[39m([38;5;28mself[39m) [38;5;241m-[39m[38;5;241m>[39m pd[38;5;241m.[39mDataFrame:
[1;32m    299[0m [38;5;250m    [39m[38;5;124;03m"""Download and process population data from WorldPop.[39;00m
[1;32m    300[0m 
[1;32m    301[0m [38;5;124;03m    Implements the abstract method from the Population class to retrieve population data specifically from WorldPop's[39;00m
[0;32m   (...)[0m
[1;32m    310[0m [38;5;124;03m        - population: Population count at the coordinate[39;00m
[1;32m    311[0m [38;5;124;03m    """[39;00m
[0;32m--> 312[0m     downloaded_data [38;5;241m=[39m [38;5;28;43mself[39;49m[38;5;241;43m.[39;49m[43mdownload_population_worldpop[49m[43m([49m
[1;32m    313[0m [43m        [49m[43miso3_country_code[49m[38;5;241;43m=[39;49m[38;5;28;43mself[39;49m[38;5;241;43m.[39;49m[43miso3_country_code[49m[43m,[49m
[1;32m    314[0m [43m    [49m[43m)[49m
[1;32m    316[0m     processed_data [38;5;241m=[39m [38;5;28mself[39m[38;5;241m.[39mprocess_population_worldpop(
[1;32m    317[0m         downloaded_data,
[1;32m    318[0m         admin_area_boundaries[38;5;241m=[39m[38;5;28mself[39m[38;5;241m.[39madmin_area_boundaries,
[1;32m    319[0m     )
[1;32m    321[0m     [38;5;28;01mreturn[39;00m processed_data

File [0;32m~/work/Public-Infrastructure-Service-Access/Public-Infrastructure-Service-Access/pisa/population.py:350[0m, in [0;36mWorldpopPopulation.download_population_worldpop[0;34m(iso3_country_code)[0m
[1;32m    345[0m worldpop_url [38;5;241m=[39m [38;5;124mf[39m[38;5;124m"[39m[38;5;124mhttps://www.worldpop.org/rest/data/pop/wpgpunadj/?iso3=[39m[38;5;132;01m{[39;00miso3_country_code[38;5;132;01m}[39;00m[38;5;124m"[39m
[1;32m    346[0m headers [38;5;241m=[39m {
[1;32m    347[0m     [38;5;124m"[39m[38;5;124mUser-Agent[39m[38;5;124m"[39m: [38;5;124m"[39m[38;5;124mMozilla/5.0 (Windows NT 10.0; Win64; x64)[39m[38;5;124m"[39m
[1;32m    348[0m }  [38;5;66;03m# User-Agent is required to get API response[39;00m
[0;32m--> 350[0m [38;5;28;01mwith[39;00m [43mrequests[49m[38;5;241;43m.[39;49m[43mget[49m[43m([49m[43mworldpop_url[49m[43m,[49m[43m [49m[43mheaders[49m[38;5;241;43m=[39;49m[43mheaders[49m[43m)[49m [38;5;28;01mas[39;00m response:
[1;32m    351[0m     response[38;5;241m.[39mraise_for_status()
[1;32m    352[0m     data [38;5;241m=[39m response[38;5;241m.[39mjson()[[38;5;124m"[39m[38;5;124mdata[39m[38;5;124m"[39m][[38;5;241m-[39m[38;5;241m1[39m]  [38;5;66;03m# Extract latest year data[39;00m

File [0;32m~/.cache/pypoetry/virtualenvs/pisa-abw-OIyr1Vno-py3.10/lib/python3.10/site-packages/requests/api.py:73[0m, in [0;36mget[0;34m(url, params, **kwargs)[0m
[1;32m     62[0m [38;5;28;01mdef[39;00m[38;5;250m [39m[38;5;21mget[39m(url, params[38;5;241m=[39m[38;5;28;01mNone[39;00m, [38;5;241m*[39m[38;5;241m*[39mkwargs):
[1;32m     63[0m [38;5;250m    [39m[38;5;124mr[39m[38;5;124;03m"""Sends a GET request.[39;00m
[1;32m     64[0m 
[1;32m     65[0m [38;5;124;03m    :param url: URL for the new :class:`Request` object.[39;00m
[0;32m   (...)[0m
[1;32m     70[0m [38;5;124;03m    :rtype: requests.Response[39;00m
[1;32m     71[0m [38;5;124;03m    """[39;00m
[0;32m---> 73[0m     [38;5;28;01mreturn[39;00m [43mrequest[49m[43m([49m[38;5;124;43m"[39;49m[38;5;124;43mget[39;49m[38;5;124;43m"[39;49m[43m,[49m[43m [49m[43murl[49m[43m,[49m[43m [49m[43mparams[49m[38;5;241;43m=[39;49m[43mparams[49m[43m,[49m[43m [49m[38;5;241;43m*[39;49m[38;5;241;43m*[39;49m[43mkwargs[49m[43m)[49m

File [0;32m~/.cache/pypoetry/virtualenvs/pisa-abw-OIyr1Vno-py3.10/lib/python3.10/site-packages/requests/api.py:59[0m, in [0;36mrequest[0;34m(method, url, **kwargs)[0m
[1;32m     55[0m [38;5;66;03m# By using the 'with' statement we are sure the session is closed, thus we[39;00m
[1;32m     56[0m [38;5;66;03m# avoid leaving sockets open which can trigger a ResourceWarning in some[39;00m
[1;32m     57[0m [38;5;66;03m# cases, and look like a memory leak in others.[39;00m
[1;32m     58[0m [38;5;28;01mwith[39;00m sessions[38;5;241m.[39mSession() [38;5;28;01mas[39;00m session:
[0;32m---> 59[0m     [38;5;28;01mreturn[39;00m [43msession[49m[38;5;241;43m.[39;49m[43mrequest[49m[43m([49m[43mmethod[49m[38;5;241;43m=[39;49m[43mmethod[49m[43m,[49m[43m [49m[43murl[49m[38;5;241;43m=[39;49m[43murl[49m[43m,[49m[43m [49m[38;5;241;43m*[39;49m[38;5;241;43m*[39;49m[43mkwargs[49m[43m)[49m

File [0;32m~/.cache/pypoetry/virtualenvs/pisa-abw-OIyr1Vno-py3.10/lib/python3.10/site-packages/requests/sessions.py:589[0m, in [0;36mSession.request[0;34m(self, method, url, params, data, headers, cookies, files, auth, timeout, allow_redirects, proxies, hooks, stream, verify, cert, json)[0m
[1;32m    584[0m send_kwargs [38;5;241m=[39m {
[1;32m    585[0m     [38;5;124m"[39m[38;5;124mtimeout[39m[38;5;124m"[39m: timeout,
[1;32m    586[0m     [38;5;124m"[39m[38;5;124mallow_redirects[39m[38;5;124m"[39m: allow_redirects,
[1;32m    587[0m }
[1;32m    588[0m send_kwargs[38;5;241m.[39mupdate(settings)
[0;32m--> 589[0m resp [38;5;241m=[39m [38;5;28;43mself[39;49m[38;5;241;43m.[39;49m[43msend[49m[43m([49m[43mprep[49m[43m,[49m[43m [49m[38;5;241;43m*[39;49m[38;5;241;43m*[39;49m[43msend_kwargs[49m[43m)[49m
[1;32m    591[0m [38;5;28;01mreturn[39;00m resp

File [0;32m~/.cache/pypoetry/virtualenvs/pisa-abw-OIyr1Vno-py3.10/lib/python3.10/site-packages/requests/sessions.py:703[0m, in [0;36mSession.send[0;34m(self, request, **kwargs)[0m
[1;32m    700[0m start [38;5;241m=[39m preferred_clock()
[1;32m    702[0m [38;5;66;03m# Send the request[39;00m
[0;32m--> 703[0m r [38;5;241m=[39m [43madapter[49m[38;5;241;43m.[39;49m[43msend[49m[43m([49m[43mrequest[49m[43m,[49m[43m [49m[38;5;241;43m*[39;49m[38;5;241;43m*[39;49m[43mkwargs[49m[43m)[49m
[1;32m    705[0m [38;5;66;03m# Total elapsed time of the request (approximately)[39;00m
[1;32m    706[0m elapsed [38;5;241m=[39m preferred_clock() [38;5;241m-[39m start

File [0;32m~/.cache/pypoetry/virtualenvs/pisa-abw-OIyr1Vno-py3.10/lib/python3.10/site-packages/requests/adapters.py:698[0m, in [0;36mHTTPAdapter.send[0;34m(self, request, stream, timeout, verify, cert, proxies)[0m
[1;32m    694[0m         [38;5;28;01mraise[39;00m ProxyError(e, request[38;5;241m=[39mrequest)
[1;32m    696[0m     [38;5;28;01mif[39;00m [38;5;28misinstance[39m(e[38;5;241m.[39mreason, _SSLError):
[1;32m    697[0m         [38;5;66;03m# This branch is for urllib3 v1.22 and later.[39;00m
[0;32m--> 698[0m         [38;5;28;01mraise[39;00m SSLError(e, request[38;5;241m=[39mrequest)
[1;32m    700[0m     [38;5;28;01mraise[39;00m [38;5;167;01mConnectionError[39;00m(e, request[38;5;241m=[39mrequest)
[1;32m    702[0m [38;5;28;01mexcept[39;00m ClosedPoolError [38;5;28;01mas[39;00m e:

[0;31mSSLError[0m: HTTPSConnectionPool(host='www.worldpop.org', port=443): Max retries exceeded with url: /rest/data/pop/wpgpunadj/?iso3=tls (Caused by SSLError(SSLCertVerificationError(1, '[SSL: CERTIFICATE_VERIFY_FAILED] certificate verify failed: certificate has expired (_ssl.c:1017)')))

